c:\c++\projects\spaceinvader 0 — kopia — kopia\spaceinvader\x64\debug\vc143.pdb
c:\c++\projects\spaceinvader 0 — kopia — kopia\spaceinvader\x64\debug\vc143.idb
c:\c++\projects\spaceinvader 0 — kopia — kopia\spaceinvader\x64\debug\zdrowiepasek.obj
c:\c++\projects\spaceinvader 0 — kopia — kopia\spaceinvader\x64\debug\tablicaprzeciwnikow.obj
c:\c++\projects\spaceinvader 0 — kopia — kopia\spaceinvader\x64\debug\tablicapociskow.obj
c:\c++\projects\spaceinvader 0 — kopia — kopia\spaceinvader\x64\debug\statek.obj
c:\c++\projects\spaceinvader 0 — kopia — kopia\spaceinvader\x64\debug\przeciwniktank.obj
c:\c++\projects\spaceinvader 0 — kopia — kopia\spaceinvader\x64\debug\przeciwnikstrzelec.obj
c:\c++\projects\spaceinvader 0 — kopia — kopia\spaceinvader\x64\debug\przeciwniksnajper.obj
c:\c++\projects\spaceinvader 0 — kopia — kopia\spaceinvader\x64\debug\przeciwnik.obj
c:\c++\projects\spaceinvader 0 — kopia — kopia\spaceinvader\x64\debug\pocisk.obj
c:\c++\projects\spaceinvader 0 — kopia — kopia\spaceinvader\x64\debug\main.obj
c:\c++\projects\spaceinvader 0 — kopia — kopia\spaceinvader\x64\debug\hitbox.obj
c:\c++\projects\spaceinvader 0 — kopia — kopia\spaceinvader\x64\debug\gracz.obj
c:\c++\projects\spaceinvader 0 — kopia — kopia\spaceinvader\x64\debug\gra.obj
c:\c++\projects\spaceinvader 0 — kopia — kopia\spaceinvader\x64\debug\boss.obj
c:\c++\projects\spaceinvader 0 — kopia — kopia\x64\debug\spaceinvader.pdb
c:\c++\projects\spaceinvader 0 — kopia — kopia\spaceinvader\x64\debug\spaceinvader.tlog\cl.command.1.tlog
c:\c++\projects\spaceinvader 0 — kopia — kopia\spaceinvader\x64\debug\spaceinvader.tlog\cl.read.1.tlog
c:\c++\projects\spaceinvader 0 — kopia — kopia\spaceinvader\x64\debug\spaceinvader.tlog\cl.write.1.tlog
c:\c++\projects\spaceinvader 0 — kopia — kopia\spaceinvader\x64\debug\spaceinvader.tlog\link-cvtres.read.1.tlog
c:\c++\projects\spaceinvader 0 — kopia — kopia\spaceinvader\x64\debug\spaceinvader.tlog\link-cvtres.write.1.tlog
c:\c++\projects\spaceinvader 0 — kopia — kopia\spaceinvader\x64\debug\spaceinvader.tlog\link-rc.read.1.tlog
c:\c++\projects\spaceinvader 0 — kopia — kopia\spaceinvader\x64\debug\spaceinvader.tlog\link-rc.write.1.tlog
c:\c++\projects\spaceinvader 0 — kopia — kopia\spaceinvader\x64\debug\spaceinvader.tlog\link.command.1.tlog
c:\c++\projects\spaceinvader 0 — kopia — kopia\spaceinvader\x64\debug\spaceinvader.tlog\link.read.1.tlog
c:\c++\projects\spaceinvader 0 — kopia — kopia\spaceinvader\x64\debug\spaceinvader.tlog\link.read.2.tlog
c:\c++\projects\spaceinvader 0 — kopia — kopia\spaceinvader\x64\debug\spaceinvader.tlog\link.write.1.tlog
